<?xml version="1.0" encoding="UTF-8"?>
<testng-results skipped="0" failed="0" ignored="0" total="1" passed="1">
  <reporter-output>
  </reporter-output>
  <suite name="Default suite" duration-ms="12598" started-at="2021-06-26T10:44:37Z" finished-at="2021-06-26T10:44:50Z">
    <groups>
    </groups>
    <test name="Default test" duration-ms="12598" started-at="2021-06-26T10:44:37Z" finished-at="2021-06-26T10:44:50Z">
      <class name="com.qa.test.HomePageTest">
        <test-method status="PASS" signature="homepage()[pri:0, instance:com.qa.test.HomePageTest@1d057a39]" name="homepage" duration-ms="12570" started-at="2021-06-26T16:14:37Z" finished-at="2021-06-26T16:14:50Z">
          <reporter-output>
          </reporter-output>
        </test-method> <!-- homepage -->
      </class> <!-- com.qa.test.HomePageTest -->
    </test> <!-- Default test -->
  </suite> <!-- Default suite -->
</testng-results>
